<?xml version="1.0" encoding="UTF-8"?>
<!-- Generated by org.testng.reporters.JUnitXMLReporter -->
<testsuite hostname="edu5-PC" ignored="1" name="First_testsuite_Test" tests="2" failures="0" timestamp="15 Jun 2018 10:53:00 GMT" time="0.081" errors="0">
  <testcase name="f" time="0.007" classname="testng.Sammple2Test"/>
  <testcase name="bvamsi" time="0.009" classname="testng.SampleTest"/>
  <testcase name="ahi" time="0.0" classname="testng.SampleTest">
    <ignored/>
  </testcase> <!-- ahi -->
</testsuite> <!-- First_testsuite_Test -->
