<?xml version="1.0" encoding="UTF-8"?>
<testng-results skipped="0" failed="0" ignored="0" total="1" passed="1">
  <reporter-output>
  </reporter-output>
  <suite name="Default suite" duration-ms="8412" started-at="2018-07-12T10:09:36Z" finished-at="2018-07-12T10:09:44Z">
    <groups>
    </groups>
    <test name="Default test" duration-ms="8412" started-at="2018-07-12T10:09:36Z" finished-at="2018-07-12T10:09:44Z">
      <class name="automation.Mavenproject.HeadlessTest">
        <test-method status="PASS" signature="beforeTest()[pri:0, instance:automation.Mavenproject.HeadlessTest@93dd95]" name="beforeTest" is-config="true" duration-ms="16" started-at="2018-07-12T10:09:36Z" finished-at="2018-07-12T10:09:36Z">
          <reporter-output>
          </reporter-output>
        </test-method> <!-- beforeTest -->
        <test-method status="PASS" signature="headless()[pri:0, instance:automation.Mavenproject.HeadlessTest@93dd95]" name="headless" duration-ms="8360" started-at="2018-07-12T10:09:36Z" finished-at="2018-07-12T10:09:44Z">
          <reporter-output>
          </reporter-output>
        </test-method> <!-- headless -->
        <test-method status="PASS" signature="afterTest()[pri:0, instance:automation.Mavenproject.HeadlessTest@93dd95]" name="afterTest" is-config="true" duration-ms="0" started-at="2018-07-12T10:09:44Z" finished-at="2018-07-12T10:09:44Z">
          <reporter-output>
          </reporter-output>
        </test-method> <!-- afterTest -->
      </class> <!-- automation.Mavenproject.HeadlessTest -->
    </test> <!-- Default test -->
  </suite> <!-- Default suite -->
</testng-results>
